Using pre-set license
Built from '2022.3/staging' branch; Version is '2022.3.25f1 (530ae0ba3889) revision 5442272'; Using compiler version '192829333'; Build Type 'Release'
OS: 'Windows 11  (10.0.22631) 64bit CoreSingleLanguage' Language: 'en' Physical Memory: 8013 MB
BatchMode: 1, IsHumanControllingUs: 0, StartBugReporterOnCrash: 0, Is64bit: 1, IsPro: 1

COMMAND LINE ARGUMENTS:
C:\Program Files\Unity\Hub\Editor\2022.3.25f1\Editor\Unity.exe
-adb2
-batchMode
-noUpm
-name
AssetImportWorker3
-projectPath
C:/Users/USER/OneDrive/Documents/RTCG/Mercedes/Mini Dashboard Game
-logFile
Logs/AssetImportWorker3.log
-srvPort
64940
Successfully changed project path to: C:/Users/USER/OneDrive/Documents/RTCG/Mercedes/Mini Dashboard Game
C:/Users/USER/OneDrive/Documents/RTCG/Mercedes/Mini Dashboard Game
[UnityMemory] Configuration Parameters - Can be set up in boot.config
    "memorysetup-bucket-allocator-granularity=16"
    "memorysetup-bucket-allocator-bucket-count=8"
    "memorysetup-bucket-allocator-block-size=33554432"
    "memorysetup-bucket-allocator-block-count=8"
    "memorysetup-main-allocator-block-size=16777216"
    "memorysetup-thread-allocator-block-size=16777216"
    "memorysetup-gfx-main-allocator-block-size=16777216"
    "memorysetup-gfx-thread-allocator-block-size=16777216"
    "memorysetup-cache-allocator-block-size=4194304"
    "memorysetup-typetree-allocator-block-size=2097152"
    "memorysetup-profiler-bucket-allocator-granularity=16"
    "memorysetup-profiler-bucket-allocator-bucket-count=8"
    "memorysetup-profiler-bucket-allocator-block-size=33554432"
    "memorysetup-profiler-bucket-allocator-block-count=8"
    "memorysetup-profiler-allocator-block-size=16777216"
    "memorysetup-profiler-editor-allocator-block-size=1048576"
    "memorysetup-temp-allocator-size-main=16777216"
    "memorysetup-job-temp-allocator-block-size=2097152"
    "memorysetup-job-temp-allocator-block-size-background=1048576"
    "memorysetup-job-temp-allocator-reduction-small-platforms=262144"
    "memorysetup-allocator-temp-initial-block-size-main=262144"
    "memorysetup-allocator-temp-initial-block-size-worker=262144"
    "memorysetup-temp-allocator-size-background-worker=32768"
    "memorysetup-temp-allocator-size-job-worker=262144"
    "memorysetup-temp-allocator-size-preload-manager=33554432"
    "memorysetup-temp-allocator-size-nav-mesh-worker=65536"
    "memorysetup-temp-allocator-size-audio-worker=65536"
    "memorysetup-temp-allocator-size-cloud-worker=32768"
    "memorysetup-temp-allocator-size-gi-baking-worker=262144"
    "memorysetup-temp-allocator-size-gfx=262144"
Player connection [26592] Host "[IP] 192.168.56.1 [Port] 0 [Flags] 2 [Guid] 1862638083 [EditorId] 1862638083 [Version] 1048832 [Id] WindowsEditor(7,MSI) [Debug] 1 [PackageName] WindowsEditor [ProjectName] Editor" joined multi-casting on [225.0.0.222:54997]...

Player connection [26592] Host "[IP] 192.168.56.1 [Port] 0 [Flags] 2 [Guid] 1862638083 [EditorId] 1862638083 [Version] 1048832 [Id] WindowsEditor(7,MSI) [Debug] 1 [PackageName] WindowsEditor [ProjectName] Editor" joined alternative multi-casting on [225.0.0.222:34997]...

[Physics::Module] Initialized MultithreadedJobDispatcher with 11 workers.
Refreshing native plugins compatible for Editor in 39.74 ms, found 3 plugins.
Preloading 0 native plugins for Editor in 0.00 ms.
Initialize engine version: 2022.3.25f1 (530ae0ba3889)
[Subsystems] Discovering subsystems at path C:/Program Files/Unity/Hub/Editor/2022.3.25f1/Editor/Data/Resources/UnitySubsystems
[Subsystems] Discovering subsystems at path C:/Users/USER/OneDrive/Documents/RTCG/Mercedes/Mini Dashboard Game/Assets
GfxDevice: creating device client; threaded=0; jobified=0
Direct3D:
    Version:  Direct3D 11.0 [level 11.1]
    Renderer: NVIDIA GeForce GTX 1650 with Max-Q Design (ID=0x1f99)
    Vendor:   NVIDIA
    VRAM:     3962 MB
    Driver:   27.21.14.6221
Initialize mono
Mono path[0] = 'C:/Program Files/Unity/Hub/Editor/2022.3.25f1/Editor/Data/Managed'
Mono path[1] = 'C:/Program Files/Unity/Hub/Editor/2022.3.25f1/Editor/Data/MonoBleedingEdge/lib/mono/unityjit-win32'
Mono config path = 'C:/Program Files/Unity/Hub/Editor/2022.3.25f1/Editor/Data/MonoBleedingEdge/etc'
Using monoOptions --debugger-agent=transport=dt_socket,embedding=1,server=y,suspend=n,address=127.0.0.1:56732
Begin MonoManager ReloadAssembly
Registering precompiled unity dll's ...
Register platform support module: C:/Program Files/Unity/Hub/Editor/2022.3.25f1/Editor/Data/PlaybackEngines/WebGLSupport/UnityEditor.WebGL.Extensions.dll
Register platform support module: C:/Program Files/Unity/Hub/Editor/2022.3.25f1/Editor/Data/PlaybackEngines/WindowsStandaloneSupport/UnityEditor.WindowsStandalone.Extensions.dll
Registered in 0.016983 seconds.
- Loaded All Assemblies, in  0.748 seconds
Native extension for WindowsStandalone target not found
Native extension for WebGL target not found
Mono: successfully reloaded assembly
- Finished resetting the current domain, in  0.551 seconds
Domain Reload Profiling: 1295ms
	BeginReloadAssembly (267ms)
		ExecutionOrderSort (0ms)
		DisableScriptedObjects (0ms)
		BackupInstance (0ms)
		ReleaseScriptingObjects (0ms)
		CreateAndSetChildDomain (2ms)
	RebuildCommonClasses (65ms)
	RebuildNativeTypeToScriptingClass (16ms)
	initialDomainReloadingComplete (120ms)
	LoadAllAssembliesAndSetupDomain (276ms)
		LoadAssemblies (262ms)
		RebuildTransferFunctionScriptingTraits (0ms)
		AnalyzeDomain (271ms)
			TypeCache.Refresh (269ms)
				TypeCache.ScanAssembly (239ms)
			ScanForSourceGeneratedMonoScriptInfo (1ms)
			ResolveRequiredComponents (1ms)
	FinalizeReload (551ms)
		ReleaseScriptCaches (0ms)
		RebuildScriptCaches (0ms)
		SetupLoadedEditorAssemblies (439ms)
			LogAssemblyErrors (0ms)
			InitializePlatformSupportModulesInManaged (23ms)
			SetLoadedEditorAssemblies (13ms)
			RefreshPlugins (0ms)
			BeforeProcessingInitializeOnLoad (7ms)
			ProcessInitializeOnLoadAttributes (313ms)
			ProcessInitializeOnLoadMethodAttributes (83ms)
			AfterProcessingInitializeOnLoad (0ms)
			EditorAssembliesLoaded (0ms)
		ExecutionOrderSort2 (0ms)
		AwakeInstancesAfterBackupRestoration (0ms)
========================================================================
Worker process is ready to serve import requests
Begin MonoManager ReloadAssembly
- Loaded All Assemblies, in  1.241 seconds
Refreshing native plugins compatible for Editor in 7.03 ms, found 3 plugins.
Native extension for WindowsStandalone target not found
Native extension for WebGL target not found
Package Manager log level set to [2]
[Package Manager] Server::EnsureServerProcessIsRunning -- launch failed, reason: Unity was launched with the -noUpm command-line argument
[Package Manager] UpmClient::Send -- Unable to send message (not connected to UPM process).
[Package Manager] Cannot connect to Unity Package Manager local server
Mono: successfully reloaded assembly
- Finished resetting the current domain, in  0.954 seconds
Domain Reload Profiling: 2180ms
	BeginReloadAssembly (260ms)
		ExecutionOrderSort (0ms)
		DisableScriptedObjects (7ms)
		BackupInstance (0ms)
		ReleaseScriptingObjects (0ms)
		CreateAndSetChildDomain (36ms)
	RebuildCommonClasses (56ms)
	RebuildNativeTypeToScriptingClass (17ms)
	initialDomainReloadingComplete (75ms)
	LoadAllAssembliesAndSetupDomain (817ms)
		LoadAssemblies (667ms)
		RebuildTransferFunctionScriptingTraits (0ms)
		AnalyzeDomain (307ms)
			TypeCache.Refresh (269ms)
				TypeCache.ScanAssembly (243ms)
			ScanForSourceGeneratedMonoScriptInfo (27ms)
			ResolveRequiredComponents (10ms)
	FinalizeReload (955ms)
		ReleaseScriptCaches (0ms)
		RebuildScriptCaches (0ms)
		SetupLoadedEditorAssemblies (722ms)
			LogAssemblyErrors (0ms)
			InitializePlatformSupportModulesInManaged (10ms)
			SetLoadedEditorAssemblies (5ms)
			RefreshPlugins (0ms)
			BeforeProcessingInitializeOnLoad (79ms)
			ProcessInitializeOnLoadAttributes (590ms)
			ProcessInitializeOnLoadMethodAttributes (27ms)
			AfterProcessingInitializeOnLoad (11ms)
			EditorAssembliesLoaded (0ms)
		ExecutionOrderSort2 (0ms)
		AwakeInstancesAfterBackupRestoration (10ms)
Launched and connected shader compiler UnityShaderCompiler.exe after 0.08 seconds
Refreshing native plugins compatible for Editor in 6.05 ms, found 3 plugins.
Preloading 0 native plugins for Editor in 0.00 ms.
Unloading 3154 Unused Serialized files (Serialized files now loaded: 0)
Unloading 32 unused Assets / (57.4 KB). Loaded Objects now: 3619.
Memory consumption went from 127.0 MB to 126.9 MB.
Total: 5.780200 ms (FindLiveObjects: 0.585400 ms CreateObjectMapping: 0.406600 ms MarkObjects: 4.666700 ms  DeleteObjects: 0.119500 ms)

AssetImportParameters requested are different than current active one (requested -> active):
  custom:container-demuxer-ogg: 62fdf1f143b41e24485cea50d1cbac27 -> 
  custom:video-decoder-ogg-theora: a1e56fd34408186e4bbccfd4996cb3dc -> 
  custom:framework-win-MediaFoundation: 216162199b28c13a410421893ffa2e32 -> 
  custom:CustomObjectIndexerAttribute: 9a22284fe3817be447336de3de66b15e -> 
  custom:container-demuxer-webm: 4f35f7cbe854078d1ac9338744f61a02 -> 
  custom:container-muxer-webm: aa71ff27fc2769a1b78a27578f13a17b -> 
  custom:video-decoder-webm-vp8: 9c59270c3fd7afecdb556c50c9e8de78 -> 
  custom:SearchIndexIgnoredProperties: e643bd26f0fe6173181afceb89e7c659 -> 
  custom:AudioImporter_EditorPlatform: d09bf68614088b80899f8185d706f6e7 -> 
  custom:video-encoder-webm-vp8: eb34c28f22e8b96e1ab97ce403110664 -> 
  custom:audio-decoder-ogg-vorbis: bf7c407c2cedff20999df2af8eb42d56 -> 
  custom:audio-encoder-webm-vorbis: bf7c407c2cedff20999df2af8eb42d56 -> 
========================================================================
Received Prepare
Refreshing native plugins compatible for Editor in 4.27 ms, found 3 plugins.
Preloading 0 native plugins for Editor in 0.00 ms.
Unloading 1 Unused Serialized files (Serialized files now loaded: 0)
Unloading 1 unused Assets / (3.1 KB). Loaded Objects now: 3619.
Memory consumption went from 74.5 MB to 74.5 MB.
Total: 110.147100 ms (FindLiveObjects: 0.462000 ms CreateObjectMapping: 0.212600 ms MarkObjects: 109.176900 ms  DeleteObjects: 0.292900 ms)

Prepare: number of updated asset objects reloaded= 0
AssetImportParameters requested are different than current active one (requested -> active):
  custom:container-demuxer-ogg: 62fdf1f143b41e24485cea50d1cbac27 -> 
  custom:video-decoder-ogg-theora: a1e56fd34408186e4bbccfd4996cb3dc -> 
  custom:framework-win-MediaFoundation: 216162199b28c13a410421893ffa2e32 -> 
  custom:CustomObjectIndexerAttribute: 9a22284fe3817be447336de3de66b15e -> 
  custom:container-demuxer-webm: 4f35f7cbe854078d1ac9338744f61a02 -> 
  custom:container-muxer-webm: aa71ff27fc2769a1b78a27578f13a17b -> 
  custom:video-decoder-webm-vp8: 9c59270c3fd7afecdb556c50c9e8de78 -> 
  custom:SearchIndexIgnoredProperties: e643bd26f0fe6173181afceb89e7c659 -> 
  custom:AudioImporter_EditorPlatform: d09bf68614088b80899f8185d706f6e7 -> 
  custom:video-encoder-webm-vp8: eb34c28f22e8b96e1ab97ce403110664 -> 
  custom:audio-decoder-ogg-vorbis: bf7c407c2cedff20999df2af8eb42d56 -> 
  custom:audio-encoder-webm-vorbis: bf7c407c2cedff20999df2af8eb42d56 -> 
========================================================================
Received Import Request.
  Time since last request: 228151.855996 seconds.
  path: Assets/Furniture/dining-room-furniture-with-materials/Table_-_Bo_Hagood_-_Plateau_Dining_Table.prefab
  artifactKey: Guid(f59bf5894263f2f44b2c1c57db0c7b1d) Importer(815301076,1909f56bfc062723c751e8b465ee728b)
Start importing Assets/Furniture/dining-room-furniture-with-materials/Table_-_Bo_Hagood_-_Plateau_Dining_Table.prefab using Guid(f59bf5894263f2f44b2c1c57db0c7b1d) Importer(815301076,1909f56bfc062723c751e8b465ee728b)  -> (artifact id: 'e4d3d5bb3145f169b1394707233ba26f') in 0.961384 seconds
Number of updated asset objects reloaded before import = 0
Number of asset objects unloaded after import = 919
========================================================================
Received Import Request.
  Time since last request: 0.000094 seconds.
  path: Assets/Furniture/dining-room-furniture-with-materials/Table_-_Starfish_-_Dark_Walnut.prefab
  artifactKey: Guid(c924b40f4bdd20949a7ea7e4f671d38e) Importer(815301076,1909f56bfc062723c751e8b465ee728b)
Start importing Assets/Furniture/dining-room-furniture-with-materials/Table_-_Starfish_-_Dark_Walnut.prefab using Guid(c924b40f4bdd20949a7ea7e4f671d38e) Importer(815301076,1909f56bfc062723c751e8b465ee728b)  -> (artifact id: '32484471cbfeeb0b576ccb2f44629e0e') in 0.076788 seconds
Number of updated asset objects reloaded before import = 0
Number of asset objects unloaded after import = 919
========================================================================
Received Import Request.
  Time since last request: 0.000094 seconds.
  path: Assets/Furniture/dining-room-furniture-with-materials/Table_-_Kartell_Maui_-_Chrome_Metal.prefab
  artifactKey: Guid(b4a9fa58fb0ad804a9d119fd563595d8) Importer(815301076,1909f56bfc062723c751e8b465ee728b)
Start importing Assets/Furniture/dining-room-furniture-with-materials/Table_-_Kartell_Maui_-_Chrome_Metal.prefab using Guid(b4a9fa58fb0ad804a9d119fd563595d8) Importer(815301076,1909f56bfc062723c751e8b465ee728b)  -> (artifact id: '200713de84c4de8d2d32953b254a2c54') in 0.079884 seconds
Number of updated asset objects reloaded before import = 0
Number of asset objects unloaded after import = 923
========================================================================
Received Import Request.
  Time since last request: 0.000026 seconds.
  path: Assets/Furniture/dining-room-furniture-with-materials/Table_-_Strut_-_Red_Metal.prefab
  artifactKey: Guid(859f6159f7a28a242a9ea276adb6e6e0) Importer(815301076,1909f56bfc062723c751e8b465ee728b)
Start importing Assets/Furniture/dining-room-furniture-with-materials/Table_-_Strut_-_Red_Metal.prefab using Guid(859f6159f7a28a242a9ea276adb6e6e0) Importer(815301076,1909f56bfc062723c751e8b465ee728b)  -> (artifact id: 'ac0be7c3ed01a55cc5fe3449af77a759') in 0.087229 seconds
Number of updated asset objects reloaded before import = 0
Number of asset objects unloaded after import = 919
========================================================================
Received Import Request.
  Time since last request: 4.214500 seconds.
  path: Assets/Furniture/dining-room-furniture-with-materials/source/130915_Master-Empire-Pack/Finishes.Flooring.Carpet.Beige.Colour.png
  artifactKey: Guid(10fda0b0b0a68e2488ca3d9951f3a919) Importer(815301076,1909f56bfc062723c751e8b465ee728b)
Start importing Assets/Furniture/dining-room-furniture-with-materials/source/130915_Master-Empire-Pack/Finishes.Flooring.Carpet.Beige.Colour.png using Guid(10fda0b0b0a68e2488ca3d9951f3a919) Importer(815301076,1909f56bfc062723c751e8b465ee728b)  -> (artifact id: 'ba5365ec35926fc7b3e86cf7bcb33691') in 0.053675 seconds
Number of updated asset objects reloaded before import = 0
Number of asset objects unloaded after import = 2
========================================================================
Received Import Request.
  Time since last request: 0.000541 seconds.
  path: Assets/Furniture/dining-room-furniture-with-materials/source/130915_Master-Empire-Pack/Furnishings.Fabrics.Leather.Brown.png
  artifactKey: Guid(7e5273b6d93634f4a95a1b71993af565) Importer(815301076,1909f56bfc062723c751e8b465ee728b)
Start importing Assets/Furniture/dining-room-furniture-with-materials/source/130915_Master-Empire-Pack/Furnishings.Fabrics.Leather.Brown.png using Guid(7e5273b6d93634f4a95a1b71993af565) Importer(815301076,1909f56bfc062723c751e8b465ee728b)  -> (artifact id: '98ad32bc0337431818dd7ead2e89ddf4') in 0.018292 seconds
Number of updated asset objects reloaded before import = 0
Number of asset objects unloaded after import = 2
========================================================================
Received Import Request.
  Time since last request: 0.000051 seconds.
  path: Assets/Furniture/dining-room-furniture-with-materials/source/130915_Master-Empire-Pack/Furnishings.Fabrics.Mesh.png
  artifactKey: Guid(8ab1ab825c691624b80a748b499f2c00) Importer(815301076,1909f56bfc062723c751e8b465ee728b)
Start importing Assets/Furniture/dining-room-furniture-with-materials/source/130915_Master-Empire-Pack/Furnishings.Fabrics.Mesh.png using Guid(8ab1ab825c691624b80a748b499f2c00) Importer(815301076,1909f56bfc062723c751e8b465ee728b)  -> (artifact id: 'ee676c069b66a81a0f3a1e1e1f534a6d') in 0.018912 seconds
Number of updated asset objects reloaded before import = 0
Number of asset objects unloaded after import = 2
========================================================================
Received Import Request.
  Time since last request: 0.000049 seconds.
  path: Assets/Furniture/dining-room-furniture-with-materials/source/130915_Master-Empire-Pack/Furnishings.Fabrics.Velvet.Black.png
  artifactKey: Guid(9463e3c3bdac78c42b9888342cf2bc7f) Importer(815301076,1909f56bfc062723c751e8b465ee728b)
Start importing Assets/Furniture/dining-room-furniture-with-materials/source/130915_Master-Empire-Pack/Furnishings.Fabrics.Velvet.Black.png using Guid(9463e3c3bdac78c42b9888342cf2bc7f) Importer(815301076,1909f56bfc062723c751e8b465ee728b)  -> (artifact id: '1eb4212a7dce0c2ea734506988f91329') in 0.018596 seconds
Number of updated asset objects reloaded before import = 0
Number of asset objects unloaded after import = 2
========================================================================
Received Import Request.
  Time since last request: 0.000020 seconds.
  path: Assets/Furniture/dining-room-furniture-with-materials/source/130915_Master-Empire-Pack/Furnishings.Fabrics.Leather.Pebble.Brown.png
  artifactKey: Guid(bb98a992b27b2374c976188e9ec72f96) Importer(815301076,1909f56bfc062723c751e8b465ee728b)
Start importing Assets/Furniture/dining-room-furniture-with-materials/source/130915_Master-Empire-Pack/Furnishings.Fabrics.Leather.Pebble.Brown.png using Guid(bb98a992b27b2374c976188e9ec72f96) Importer(815301076,1909f56bfc062723c751e8b465ee728b)  -> (artifact id: '30c39490950f7ee5a997506bb2426730') in 0.019501 seconds
Number of updated asset objects reloaded before import = 0
Number of asset objects unloaded after import = 2
========================================================================
Received Import Request.
  Time since last request: 0.000024 seconds.
  path: Assets/Furniture/dining-room-furniture-with-materials/source/130915_Master-Empire-Pack/silver_maple_chocolateBrown.png
  artifactKey: Guid(02ec553611cabad4ca83b86a50e43320) Importer(815301076,1909f56bfc062723c751e8b465ee728b)
Start importing Assets/Furniture/dining-room-furniture-with-materials/source/130915_Master-Empire-Pack/silver_maple_chocolateBrown.png using Guid(02ec553611cabad4ca83b86a50e43320) Importer(815301076,1909f56bfc062723c751e8b465ee728b)  -> (artifact id: '544aaa10dbdc3ad5e26e7cbd8acbb2d9') in 0.021061 seconds
Number of updated asset objects reloaded before import = 0
Number of asset objects unloaded after import = 2
========================================================================
Received Import Request.
  Time since last request: 0.000072 seconds.
  path: Assets/Furniture/dining-room-furniture-with-materials/source/130915_Master-Empire-Pack/Woods_&_Plastics.Finish_Carpentry.Wood.Red_Oak.png
  artifactKey: Guid(a273f697a23cda8449f039ac974d58ac) Importer(815301076,1909f56bfc062723c751e8b465ee728b)
Start importing Assets/Furniture/dining-room-furniture-with-materials/source/130915_Master-Empire-Pack/Woods_&_Plastics.Finish_Carpentry.Wood.Red_Oak.png using Guid(a273f697a23cda8449f039ac974d58ac) Importer(815301076,1909f56bfc062723c751e8b465ee728b)  -> (artifact id: '20000c94e6c3171908fe7e4f43daddf3') in 0.020534 seconds
Number of updated asset objects reloaded before import = 0
Number of asset objects unloaded after import = 2
========================================================================
Received Import Request.
  Time since last request: 0.000018 seconds.
  path: Assets/Furniture/dining-room-furniture-with-materials/source/130915_Master-Empire-Pack/Woods_&_Plastics.Finish_Carpentry.Wood.Cherry.png
  artifactKey: Guid(bb4e9f0fedd87e14c8c9fbc2b5e9b574) Importer(815301076,1909f56bfc062723c751e8b465ee728b)
Start importing Assets/Furniture/dining-room-furniture-with-materials/source/130915_Master-Empire-Pack/Woods_&_Plastics.Finish_Carpentry.Wood.Cherry.png using Guid(bb4e9f0fedd87e14c8c9fbc2b5e9b574) Importer(815301076,1909f56bfc062723c751e8b465ee728b)  -> (artifact id: '7be9fd131058865079bfe8786241d0d4') in 0.022006 seconds
Number of updated asset objects reloaded before import = 0
Number of asset objects unloaded after import = 2
========================================================================
Received Import Request.
  Time since last request: 0.000066 seconds.
  path: Assets/Furniture/dining-room-furniture-with-materials/source/130915_Master-Empire-Pack/Woods_&_Plastics.Finish_Carpentry.Wood.Walnut.png
  artifactKey: Guid(5975748dfe14c374ebf4ca9b64dc0d91) Importer(815301076,1909f56bfc062723c751e8b465ee728b)
Start importing Assets/Furniture/dining-room-furniture-with-materials/source/130915_Master-Empire-Pack/Woods_&_Plastics.Finish_Carpentry.Wood.Walnut.png using Guid(5975748dfe14c374ebf4ca9b64dc0d91) Importer(815301076,1909f56bfc062723c751e8b465ee728b)  -> (artifact id: '1ec86b9497c564210fe2afd0015bc065') in 0.016137 seconds
Number of updated asset objects reloaded before import = 0
Number of asset objects unloaded after import = 2
========================================================================
Received Import Request.
  Time since last request: 0.000020 seconds.
  path: Assets/Furniture/dining-room-furniture-with-materials/source/130915_Master-Empire-Pack/wild_cherry_cherry.png
  artifactKey: Guid(d9f6f561d169e844c9177bdb63542e61) Importer(815301076,1909f56bfc062723c751e8b465ee728b)
Start importing Assets/Furniture/dining-room-furniture-with-materials/source/130915_Master-Empire-Pack/wild_cherry_cherry.png using Guid(d9f6f561d169e844c9177bdb63542e61) Importer(815301076,1909f56bfc062723c751e8b465ee728b)  -> (artifact id: '99afa297a885251e8d78fff3d24ece9d') in 0.027526 seconds
Number of updated asset objects reloaded before import = 0
Number of asset objects unloaded after import = 2
========================================================================
Received Import Request.
  Time since last request: 0.000019 seconds.
  path: Assets/Furniture/dining-room-furniture-with-materials/source/130915_Master-Empire-Pack/Woods_&_Plastics.Finish_Carpentry.Wood.Teak.png
  artifactKey: Guid(777d0962c8a2cb545a82089f749b8d26) Importer(815301076,1909f56bfc062723c751e8b465ee728b)
Start importing Assets/Furniture/dining-room-furniture-with-materials/source/130915_Master-Empire-Pack/Woods_&_Plastics.Finish_Carpentry.Wood.Teak.png using Guid(777d0962c8a2cb545a82089f749b8d26) Importer(815301076,1909f56bfc062723c751e8b465ee728b)  -> (artifact id: '7dd0715dfb793d081de3f7d135be8201') in 0.016773 seconds
Number of updated asset objects reloaded before import = 0
Number of asset objects unloaded after import = 2
========================================================================
Received Import Request.
  Time since last request: 0.000019 seconds.
  path: Assets/Furniture/dining-room-furniture-with-materials/source/130915_Master-Empire-Pack/Woods_&_Plastics.Finish_Carpentry.Wood.White_Oak.png
  artifactKey: Guid(5d57b15ba1003fc4b9585c795b9a7516) Importer(815301076,1909f56bfc062723c751e8b465ee728b)
Start importing Assets/Furniture/dining-room-furniture-with-materials/source/130915_Master-Empire-Pack/Woods_&_Plastics.Finish_Carpentry.Wood.White_Oak.png using Guid(5d57b15ba1003fc4b9585c795b9a7516) Importer(815301076,1909f56bfc062723c751e8b465ee728b)  -> (artifact id: 'be288c578c68cc7345a161ff2e191a69') in 0.020473 seconds
Number of updated asset objects reloaded before import = 0
Number of asset objects unloaded after import = 2
========================================================================
Received Import Request.
  Time since last request: 0.000027 seconds.
  path: Assets/Furniture/dining-room-furniture-with-materials/source/130915_Master-Empire-Pack/Furnishings.Fabrics.Leather.Blue.png
  artifactKey: Guid(16f8fc2e321582f48a90e341d42fa207) Importer(815301076,1909f56bfc062723c751e8b465ee728b)
Start importing Assets/Furniture/dining-room-furniture-with-materials/source/130915_Master-Empire-Pack/Furnishings.Fabrics.Leather.Blue.png using Guid(16f8fc2e321582f48a90e341d42fa207) Importer(815301076,1909f56bfc062723c751e8b465ee728b)  -> (artifact id: '0f50d6bb253b0f78534e89934d7b82a2') in 0.026631 seconds
Number of updated asset objects reloaded before import = 0
Number of asset objects unloaded after import = 2
========================================================================
Received Import Request.
  Time since last request: 0.000023 seconds.
  path: Assets/Furniture/dining-room-furniture-with-materials/source/130915_Master-Empire-Pack/Furnishings.Fabrics.Linen.Beige.png
  artifactKey: Guid(29a96610b2a32b44180abe34879ca938) Importer(815301076,1909f56bfc062723c751e8b465ee728b)
Start importing Assets/Furniture/dining-room-furniture-with-materials/source/130915_Master-Empire-Pack/Furnishings.Fabrics.Linen.Beige.png using Guid(29a96610b2a32b44180abe34879ca938) Importer(815301076,1909f56bfc062723c751e8b465ee728b)  -> (artifact id: '9a847cb645b1bdf65056ad363d8b773e') in 0.016878 seconds
Number of updated asset objects reloaded before import = 0
Number of asset objects unloaded after import = 2
========================================================================
Received Import Request.
  Time since last request: 0.000037 seconds.
  path: Assets/Furniture/dining-room-furniture-with-materials/source/130915_Master-Empire-Pack/Furnishings.Fabrics.Plaid.1.png
  artifactKey: Guid(467281a13332cc3479631e71e0598015) Importer(815301076,1909f56bfc062723c751e8b465ee728b)
Start importing Assets/Furniture/dining-room-furniture-with-materials/source/130915_Master-Empire-Pack/Furnishings.Fabrics.Plaid.1.png using Guid(467281a13332cc3479631e71e0598015) Importer(815301076,1909f56bfc062723c751e8b465ee728b)  -> (artifact id: '12cc4d858a4f57d91c7b45c830220dbb') in 0.019646 seconds
Number of updated asset objects reloaded before import = 0
Number of asset objects unloaded after import = 2
========================================================================
Received Import Request.
  Time since last request: 0.000107 seconds.
  path: Assets/Furniture/dining-room-furniture-with-materials/source/130915_Master-Empire-Pack/Metals.Ornamental_Metals.Aluminum.Brushed.Random.png
  artifactKey: Guid(19a74291282375d488de92d73a6d4531) Importer(815301076,1909f56bfc062723c751e8b465ee728b)
Start importing Assets/Furniture/dining-room-furniture-with-materials/source/130915_Master-Empire-Pack/Metals.Ornamental_Metals.Aluminum.Brushed.Random.png using Guid(19a74291282375d488de92d73a6d4531) Importer(815301076,1909f56bfc062723c751e8b465ee728b)  -> (artifact id: 'd25efc93d0c6ca60eaa1215af73d6557') in 0.019523 seconds
Number of updated asset objects reloaded before import = 0
Number of asset objects unloaded after import = 2
========================================================================
Received Import Request.
  Time since last request: 0.000017 seconds.
  path: Assets/Furniture/dining-room-furniture-with-materials/source/130915_Master-Empire-Pack/Woods_&_Plastics.Finish_Carpentry.Wood.Red_Birch.png
  artifactKey: Guid(56a348209efacbf4d8f6c913f503d9c5) Importer(815301076,1909f56bfc062723c751e8b465ee728b)
Start importing Assets/Furniture/dining-room-furniture-with-materials/source/130915_Master-Empire-Pack/Woods_&_Plastics.Finish_Carpentry.Wood.Red_Birch.png using Guid(56a348209efacbf4d8f6c913f503d9c5) Importer(815301076,1909f56bfc062723c751e8b465ee728b)  -> (artifact id: '30d5b44766e46b3a3a7eb9b59115e9af') in 0.021828 seconds
Number of updated asset objects reloaded before import = 0
Number of asset objects unloaded after import = 2
========================================================================
Received Import Request.
  Time since last request: 0.000030 seconds.
  path: Assets/Furniture/dining-room-furniture-with-materials/source/130915_Master-Empire-Pack/Furnishings.Fabrics.Velvet.Red.png
  artifactKey: Guid(c27dbca3fab922c40b8c9cf02b590411) Importer(815301076,1909f56bfc062723c751e8b465ee728b)
Start importing Assets/Furniture/dining-room-furniture-with-materials/source/130915_Master-Empire-Pack/Furnishings.Fabrics.Velvet.Red.png using Guid(c27dbca3fab922c40b8c9cf02b590411) Importer(815301076,1909f56bfc062723c751e8b465ee728b)  -> (artifact id: '35c7ccad641fe1f30a862e2de5bfaf45') in 0.028411 seconds
Number of updated asset objects reloaded before import = 0
Number of asset objects unloaded after import = 2
========================================================================
Received Import Request.
  Time since last request: 0.000057 seconds.
  path: Assets/Furniture/dining-room-furniture-with-materials/source/130915_Master-Empire-Pack/Furnishings.Fabrics.Leather.Pebble.Tan.png
  artifactKey: Guid(dafcae72614f39c448bde5513185be64) Importer(815301076,1909f56bfc062723c751e8b465ee728b)
Start importing Assets/Furniture/dining-room-furniture-with-materials/source/130915_Master-Empire-Pack/Furnishings.Fabrics.Leather.Pebble.Tan.png using Guid(dafcae72614f39c448bde5513185be64) Importer(815301076,1909f56bfc062723c751e8b465ee728b)  -> (artifact id: 'de5009dc1142ad18e5b2265982144c06') in 0.028742 seconds
Number of updated asset objects reloaded before import = 0
Number of asset objects unloaded after import = 2
========================================================================
Received Import Request.
  Time since last request: 0.000031 seconds.
  path: Assets/Furniture/dining-room-furniture-with-materials/source/130915_Master-Empire-Pack/Woods_&_Plastics.Finish_Carpentry.Wood.Maple.png
  artifactKey: Guid(610f0aa36807306459b04e5b5cef727c) Importer(815301076,1909f56bfc062723c751e8b465ee728b)
Start importing Assets/Furniture/dining-room-furniture-with-materials/source/130915_Master-Empire-Pack/Woods_&_Plastics.Finish_Carpentry.Wood.Maple.png using Guid(610f0aa36807306459b04e5b5cef727c) Importer(815301076,1909f56bfc062723c751e8b465ee728b)  -> (artifact id: '83111dabcf8d21f5cf52de65f1c6ec7d') in 0.023936 seconds
Number of updated asset objects reloaded before import = 0
Number of asset objects unloaded after import = 2
========================================================================
Received Import Request.
  Time since last request: 0.000030 seconds.
  path: Assets/Furniture/dining-room-furniture-with-materials/source/130915_Master-Empire-Pack/Masonry.Stone.Alabaster.png
  artifactKey: Guid(1f43067fbe3ed864686186b99bf5b683) Importer(815301076,1909f56bfc062723c751e8b465ee728b)
Start importing Assets/Furniture/dining-room-furniture-with-materials/source/130915_Master-Empire-Pack/Masonry.Stone.Alabaster.png using Guid(1f43067fbe3ed864686186b99bf5b683) Importer(815301076,1909f56bfc062723c751e8b465ee728b)  -> (artifact id: '86303f7f0aaa5630f07fa5ab9b652148') in 0.023086 seconds
Number of updated asset objects reloaded before import = 0
Number of asset objects unloaded after import = 2
========================================================================
Received Import Request.
  Time since last request: 0.000095 seconds.
  path: Assets/Furniture/dining-room-furniture-with-materials/source/130915_Master-Empire-Pack/Furnishings.Fabrics.Canvas.white.png
  artifactKey: Guid(44a061757fc127a4db59c091897b9628) Importer(815301076,1909f56bfc062723c751e8b465ee728b)
Start importing Assets/Furniture/dining-room-furniture-with-materials/source/130915_Master-Empire-Pack/Furnishings.Fabrics.Canvas.white.png using Guid(44a061757fc127a4db59c091897b9628) Importer(815301076,1909f56bfc062723c751e8b465ee728b)  -> (artifact id: 'f0107d92eaf2d908da332d6979ee3107') in 0.029189 seconds
Number of updated asset objects reloaded before import = 0
Number of asset objects unloaded after import = 2
========================================================================
Received Import Request.
  Time since last request: 0.000019 seconds.
  path: Assets/Furniture/dining-room-furniture-with-materials/source/130915_Master-Empire-Pack/Furnishings.Fabrics.Leather.Black.png
  artifactKey: Guid(a869e361a2fdcdf48b7687184c5a720b) Importer(815301076,1909f56bfc062723c751e8b465ee728b)
Start importing Assets/Furniture/dining-room-furniture-with-materials/source/130915_Master-Empire-Pack/Furnishings.Fabrics.Leather.Black.png using Guid(a869e361a2fdcdf48b7687184c5a720b) Importer(815301076,1909f56bfc062723c751e8b465ee728b)  -> (artifact id: '3e71929cb397c5d787a8dbc6f1d2cc9c') in 0.021723 seconds
Number of updated asset objects reloaded before import = 0
Number of asset objects unloaded after import = 2
========================================================================
Received Import Request.
  Time since last request: 0.000080 seconds.
  path: Assets/Furniture/dining-room-furniture-with-materials/source/130915_Master-Empire-Pack/Woods_&_Plastics.Finish_Carpentry.Wood.Mahogany.png
  artifactKey: Guid(b5bff8e66ee6c134a85d887e36f060c8) Importer(815301076,1909f56bfc062723c751e8b465ee728b)
Start importing Assets/Furniture/dining-room-furniture-with-materials/source/130915_Master-Empire-Pack/Woods_&_Plastics.Finish_Carpentry.Wood.Mahogany.png using Guid(b5bff8e66ee6c134a85d887e36f060c8) Importer(815301076,1909f56bfc062723c751e8b465ee728b)  -> (artifact id: '413833f05e545e7c696e263f8d43c76d') in 0.025815 seconds
Number of updated asset objects reloaded before import = 0
Number of asset objects unloaded after import = 2
========================================================================
Received Import Request.
  Time since last request: 0.000066 seconds.
  path: Assets/Furniture/dining-room-furniture-with-materials/source/130915_Master-Empire-Pack/Woods_&_Plastics.Finish_Carpentry.Wood.Pine.png
  artifactKey: Guid(c2ff60a028f3caf4c8ef41208b0004eb) Importer(815301076,1909f56bfc062723c751e8b465ee728b)
Start importing Assets/Furniture/dining-room-furniture-with-materials/source/130915_Master-Empire-Pack/Woods_&_Plastics.Finish_Carpentry.Wood.Pine.png using Guid(c2ff60a028f3caf4c8ef41208b0004eb) Importer(815301076,1909f56bfc062723c751e8b465ee728b)  -> (artifact id: '8770c2570dff25f084615cc59e119ce7') in 0.029012 seconds
Number of updated asset objects reloaded before import = 0
Number of asset objects unloaded after import = 2
========================================================================
Received Import Request.
  Time since last request: 21.131540 seconds.
  path: Assets/Furniture/house_plants/textures/Aloe_Vera_A_normal.png
  artifactKey: Guid(abc200bbb0f11dd43a3f4771f5da3845) Importer(815301076,1909f56bfc062723c751e8b465ee728b)
Start importing Assets/Furniture/house_plants/textures/Aloe_Vera_A_normal.png using Guid(abc200bbb0f11dd43a3f4771f5da3845) Importer(815301076,1909f56bfc062723c751e8b465ee728b)  -> (artifact id: '71d9279e6b3477229f05204cd3a24595') in 0.018806 seconds
Number of updated asset objects reloaded before import = 0
Number of asset objects unloaded after import = 2
========================================================================
Received Import Request.
  Time since last request: 0.000024 seconds.
  path: Assets/Furniture/house_plants/textures/Cactus_A_metallicRoughness.png
  artifactKey: Guid(63d82f0d98cf5064c93422033ae4155b) Importer(815301076,1909f56bfc062723c751e8b465ee728b)
Start importing Assets/Furniture/house_plants/textures/Cactus_A_metallicRoughness.png using Guid(63d82f0d98cf5064c93422033ae4155b) Importer(815301076,1909f56bfc062723c751e8b465ee728b)  -> (artifact id: 'e7439ed4178f572393f48f5cf3080921') in 0.017166 seconds
Number of updated asset objects reloaded before import = 0
Number of asset objects unloaded after import = 2
========================================================================
Received Import Request.
  Time since last request: 0.000032 seconds.
  path: Assets/Furniture/house_plants/textures/Foliage_Kitchen_A_baseColor.png
  artifactKey: Guid(cb49d87361e1fdd4286de20fac1aa4d0) Importer(815301076,1909f56bfc062723c751e8b465ee728b)
Start importing Assets/Furniture/house_plants/textures/Foliage_Kitchen_A_baseColor.png using Guid(cb49d87361e1fdd4286de20fac1aa4d0) Importer(815301076,1909f56bfc062723c751e8b465ee728b)  -> (artifact id: '62465321d8dc4e7fca28a45eb6ef1f28') in 0.018901 seconds
Number of updated asset objects reloaded before import = 0
Number of asset objects unloaded after import = 2
========================================================================
Received Import Request.
  Time since last request: 0.000034 seconds.
  path: Assets/Furniture/house_plants/textures/Foliage_Kitchen_A_normal.png
  artifactKey: Guid(51963ab1286d2ed4cbc78e56cd4c4369) Importer(815301076,1909f56bfc062723c751e8b465ee728b)
Start importing Assets/Furniture/house_plants/textures/Foliage_Kitchen_A_normal.png using Guid(51963ab1286d2ed4cbc78e56cd4c4369) Importer(815301076,1909f56bfc062723c751e8b465ee728b)  -> (artifact id: '5aa136199c7b0753444366bdc8c2c961') in 0.019438 seconds
Number of updated asset objects reloaded before import = 0
Number of asset objects unloaded after import = 2
========================================================================
Received Import Request.
  Time since last request: 0.000033 seconds.
  path: Assets/Furniture/house_plants/textures/Metal_Zink_A_normal.png
  artifactKey: Guid(f52afee2a58078f4d8ac958247778bd3) Importer(815301076,1909f56bfc062723c751e8b465ee728b)
Start importing Assets/Furniture/house_plants/textures/Metal_Zink_A_normal.png using Guid(f52afee2a58078f4d8ac958247778bd3) Importer(815301076,1909f56bfc062723c751e8b465ee728b)  -> (artifact id: 'f39834992bd0004c918e45cde60270b9') in 0.017462 seconds
Number of updated asset objects reloaded before import = 0
Number of asset objects unloaded after import = 2
========================================================================
Received Import Request.
  Time since last request: 0.010253 seconds.
  path: Assets/Furniture/house_plants/textures/Orchid_A_normal.png
  artifactKey: Guid(33a93762337721c429dcab297ad2abbe) Importer(815301076,1909f56bfc062723c751e8b465ee728b)
Start importing Assets/Furniture/house_plants/textures/Orchid_A_normal.png using Guid(33a93762337721c429dcab297ad2abbe) Importer(815301076,1909f56bfc062723c751e8b465ee728b)  -> (artifact id: 'eb5bf9e64918b73a241dc32aab37ea31') in 0.017537 seconds
Number of updated asset objects reloaded before import = 0
Number of asset objects unloaded after import = 2
========================================================================
Received Import Request.
  Time since last request: 0.011348 seconds.
  path: Assets/Furniture/house_plants/textures/Plants_LivingRoom_A_normal.png
  artifactKey: Guid(1067d7c7fdfc96b48a60ae6a41529b2a) Importer(815301076,1909f56bfc062723c751e8b465ee728b)
Start importing Assets/Furniture/house_plants/textures/Plants_LivingRoom_A_normal.png using Guid(1067d7c7fdfc96b48a60ae6a41529b2a) Importer(815301076,1909f56bfc062723c751e8b465ee728b)  -> (artifact id: '0a1dfe813c7bfaacaeb9436dc81a3ff3') in 0.016394 seconds
Number of updated asset objects reloaded before import = 0
Number of asset objects unloaded after import = 2
========================================================================
Received Import Request.
  Time since last request: 19.500859 seconds.
  path: Assets/Furniture/house_plants/Materials/Pot_Plant_A_normal.mat
  artifactKey: Guid(bef5a3f2ca2312e4787a8a13435ff4a9) Importer(815301076,1909f56bfc062723c751e8b465ee728b)
Start importing Assets/Furniture/house_plants/Materials/Pot_Plant_A_normal.mat using Guid(bef5a3f2ca2312e4787a8a13435ff4a9) Importer(815301076,1909f56bfc062723c751e8b465ee728b)  -> (artifact id: 'f9aac595dd093f8add01c34f9bc48b3e') in 0.099899 seconds
Number of updated asset objects reloaded before import = 0
Number of asset objects unloaded after import = 2
========================================================================
Received Import Request.
  Time since last request: 170.198199 seconds.
  path: Assets/Furniture/migrating-from-sketchfab-to-fab/source/Table_-_Double_X_-_Glass.prefab
  artifactKey: Guid(c9044a923c8a6bb4ead69077e9023684) Importer(2089858483,0ecaa5967403d082aa24f35e1b516d23)
Start importing Assets/Furniture/migrating-from-sketchfab-to-fab/source/Table_-_Double_X_-_Glass.prefab using Guid(c9044a923c8a6bb4ead69077e9023684) Importer(2089858483,0ecaa5967403d082aa24f35e1b516d23)  -> (artifact id: 'c584868703fe37aac3199a8e96713a53') in 0.218567 seconds
Number of updated asset objects reloaded before import = 0
Number of asset objects unloaded after import = 7
========================================================================
Received Import Request.
  Time since last request: 427.945492 seconds.
  path: Assets/Furniture/outdoor-furniture/textures/mur-carreaux-blanc.jpeg
  artifactKey: Guid(dafd9c4b24407f144b54adcc201d59a3) Importer(815301076,1909f56bfc062723c751e8b465ee728b)
Start importing Assets/Furniture/outdoor-furniture/textures/mur-carreaux-blanc.jpeg using Guid(dafd9c4b24407f144b54adcc201d59a3) Importer(815301076,1909f56bfc062723c751e8b465ee728b)  -> (artifact id: '885f8272e1c8227fb7c2ff953b277730') in 0.025990 seconds
Number of updated asset objects reloaded before import = 0
Number of asset objects unloaded after import = 2
========================================================================
Received Import Request.
  Time since last request: 2.942938 seconds.
  path: Assets/Furniture/outdoor-furniture/Materials/natural-wooden-background.mat
  artifactKey: Guid(6607373845f6b1c4c9991fffd9303add) Importer(2089858483,0ecaa5967403d082aa24f35e1b516d23)
Start importing Assets/Furniture/outdoor-furniture/Materials/natural-wooden-background.mat using Guid(6607373845f6b1c4c9991fffd9303add) Importer(2089858483,0ecaa5967403d082aa24f35e1b516d23)  -> (artifact id: '4d54882a0478991444a29f7034f23e3e') in 0.039141 seconds
Number of updated asset objects reloaded before import = 0
Number of asset objects unloaded after import = 2
========================================================================
Received Import Request.
  Time since last request: 35.450579 seconds.
  path: Assets/Furniture/outdoor-furniture/Materials/mur-carreaux-blanc.mat
  artifactKey: Guid(c9f6189cc8e238942a04689f42082f41) Importer(815301076,1909f56bfc062723c751e8b465ee728b)
Start importing Assets/Furniture/outdoor-furniture/Materials/mur-carreaux-blanc.mat using Guid(c9f6189cc8e238942a04689f42082f41) Importer(815301076,1909f56bfc062723c751e8b465ee728b)  -> (artifact id: 'a6e5861bcc4f034b38f3770c32cca2dc') in 0.025247 seconds
Number of updated asset objects reloaded before import = 0
Number of asset objects unloaded after import = 2
========================================================================
Received Import Request.
  Time since last request: 64.151065 seconds.
  path: Assets/Material/background.jpg
  artifactKey: Guid(510b6fbac9e269444ba3ee81e07233aa) Importer(815301076,1909f56bfc062723c751e8b465ee728b)
Start importing Assets/Material/background.jpg using Guid(510b6fbac9e269444ba3ee81e07233aa) Importer(815301076,1909f56bfc062723c751e8b465ee728b)  -> (artifact id: 'f1381ea13682415e6d6f9106b5494c75') in 0.024367 seconds
Number of updated asset objects reloaded before import = 0
Number of asset objects unloaded after import = 2
========================================================================
Received Import Request.
  Time since last request: 3.638050 seconds.
  path: Assets/Material/Ball/Materials/Leather026_2K_Color.mat
  artifactKey: Guid(2202e4ae365dcad4d97a37f1245ad79d) Importer(815301076,1909f56bfc062723c751e8b465ee728b)
Start importing Assets/Material/Ball/Materials/Leather026_2K_Color.mat using Guid(2202e4ae365dcad4d97a37f1245ad79d) Importer(815301076,1909f56bfc062723c751e8b465ee728b)  -> (artifact id: '3998024cc65e1914deacb131e1fec246') in 0.042117 seconds
Number of updated asset objects reloaded before import = 0
Number of asset objects unloaded after import = 2
========================================================================
Received Import Request.
  Time since last request: 0.000025 seconds.
  path: Assets/Material/Ball/Materials/Leather026_2K_Normal.mat
  artifactKey: Guid(a62fd404205472d49977a5f24bba46a0) Importer(815301076,1909f56bfc062723c751e8b465ee728b)
Start importing Assets/Material/Ball/Materials/Leather026_2K_Normal.mat using Guid(a62fd404205472d49977a5f24bba46a0) Importer(815301076,1909f56bfc062723c751e8b465ee728b)  -> (artifact id: '2904053220616ac41ad85e486f5fd92a') in 0.043815 seconds
Number of updated asset objects reloaded before import = 0
Number of asset objects unloaded after import = 2
========================================================================
Received Import Request.
  Time since last request: 0.000056 seconds.
  path: Assets/Material/Ball/Materials/Metal010_2K_Color000.mat
  artifactKey: Guid(7662b12fc22c13d4299a53550045312b) Importer(815301076,1909f56bfc062723c751e8b465ee728b)
Start importing Assets/Material/Ball/Materials/Metal010_2K_Color000.mat using Guid(7662b12fc22c13d4299a53550045312b) Importer(815301076,1909f56bfc062723c751e8b465ee728b)  -> (artifact id: '22017872ab80be35a91cf48d6ca21bff') in 0.039593 seconds
Number of updated asset objects reloaded before import = 0
Number of asset objects unloaded after import = 2
========================================================================
Received Import Request.
  Time since last request: 0.000056 seconds.
  path: Assets/Material/Ball/Materials/Metal010_2K_Color.mat
  artifactKey: Guid(6a6e28f49667dd84595e8bccb3073f20) Importer(815301076,1909f56bfc062723c751e8b465ee728b)
Start importing Assets/Material/Ball/Materials/Metal010_2K_Color.mat using Guid(6a6e28f49667dd84595e8bccb3073f20) Importer(815301076,1909f56bfc062723c751e8b465ee728b)  -> (artifact id: '7fa6e8f3d56f40e5b80a31a36c66e13b') in 0.045258 seconds
Number of updated asset objects reloaded before import = 0
Number of asset objects unloaded after import = 2
========================================================================
Received Import Request.
  Time since last request: 0.000084 seconds.
  path: Assets/Material/Ball/Materials/Leather026_2K_Roughness.mat
  artifactKey: Guid(2ea48596815b3e047b527ddf244700d8) Importer(815301076,1909f56bfc062723c751e8b465ee728b)
Start importing Assets/Material/Ball/Materials/Leather026_2K_Roughness.mat using Guid(2ea48596815b3e047b527ddf244700d8) Importer(815301076,1909f56bfc062723c751e8b465ee728b)  -> (artifact id: '6309f2a2eb3a40304beb21482d7b94b1') in 0.049779 seconds
Number of updated asset objects reloaded before import = 0
Number of asset objects unloaded after import = 2
========================================================================
Received Import Request.
  Time since last request: 0.000033 seconds.
  path: Assets/Material/Ball/Materials/Wood053_2K_Color.mat
  artifactKey: Guid(e2e83bc0a3f831249b3fa62473da6029) Importer(815301076,1909f56bfc062723c751e8b465ee728b)
Start importing Assets/Material/Ball/Materials/Wood053_2K_Color.mat using Guid(e2e83bc0a3f831249b3fa62473da6029) Importer(815301076,1909f56bfc062723c751e8b465ee728b)  -> (artifact id: '38d806296b279ddb8a52f1cdcf6f67ae') in 0.037132 seconds
Number of updated asset objects reloaded before import = 0
Number of asset objects unloaded after import = 2
Editor requested this worker to shutdown with reason: Scaling down because of idle timeout
TcpMessagingSession - receive error: operation aborted. errorcode: 995, details: The I/O operation has been aborted because of either a thread exit or an application request.
AssetImportWorker is now disconnected from the server
Process exiting
Exiting without the bug reporter. Application will terminate with return code 0